0 info it worked if it ends with ok
1 verbose cli [ '/usr/bin/node', '/usr/bin/npm', 'run', 'validate' ]
2 info using npm@3.5.2
3 info using node@v8.10.0
4 verbose run-script [ 'prevalidate', 'validate', 'postvalidate' ]
5 info lifecycle serverless-sample@1.0.0~prevalidate: serverless-sample@1.0.0
6 silly lifecycle serverless-sample@1.0.0~prevalidate: no script for prevalidate, continuing
7 info lifecycle serverless-sample@1.0.0~validate: serverless-sample@1.0.0
8 verbose lifecycle serverless-sample@1.0.0~validate: unsafe-perm in lifecycle true
9 verbose lifecycle serverless-sample@1.0.0~validate: PATH: /usr/share/npm/bin/node-gyp-bin:/root/code/serverless-sample/node_modules/.bin:/root/code/serverless-sample/node_modules/.bin:/root/code/node_modules/.bin:/root/node_modules/.bin:/node_modules/.bin:/usr/bin:/usr/lib/git-core:/usr/local/sbin:/usr/local/bin:/usr/sbin:/usr/bin:/sbin:/bin
10 verbose lifecycle serverless-sample@1.0.0~validate: CWD: /root/code/serverless-sample
11 silly lifecycle serverless-sample@1.0.0~validate: Args: [ '-c', 'npm-run-all --parallel eslint test' ]
12 silly lifecycle serverless-sample@1.0.0~validate: Returned: code: 1  signal: null
13 info lifecycle serverless-sample@1.0.0~validate: Failed to exec validate script
14 verbose stack Error: serverless-sample@1.0.0 validate: `npm-run-all --parallel eslint test`
14 verbose stack Exit status 1
14 verbose stack     at EventEmitter.<anonymous> (/usr/share/npm/lib/utils/lifecycle.js:232:16)
14 verbose stack     at emitTwo (events.js:126:13)
14 verbose stack     at EventEmitter.emit (events.js:214:7)
14 verbose stack     at ChildProcess.<anonymous> (/usr/share/npm/lib/utils/spawn.js:24:14)
14 verbose stack     at emitTwo (events.js:126:13)
14 verbose stack     at ChildProcess.emit (events.js:214:7)
14 verbose stack     at maybeClose (internal/child_process.js:925:16)
14 verbose stack     at Process.ChildProcess._handle.onexit (internal/child_process.js:209:5)
15 verbose pkgid serverless-sample@1.0.0
16 verbose cwd /root/code/serverless-sample
17 error Linux 4.9.184-linuxkit
18 error argv "/usr/bin/node" "/usr/bin/npm" "run" "validate"
19 error node v8.10.0
20 error npm  v3.5.2
21 error code ELIFECYCLE
22 error serverless-sample@1.0.0 validate: `npm-run-all --parallel eslint test`
22 error Exit status 1
23 error Failed at the serverless-sample@1.0.0 validate script 'npm-run-all --parallel eslint test'.
23 error Make sure you have the latest version of node.js and npm installed.
23 error If you do, this is most likely a problem with the serverless-sample package,
23 error not with npm itself.
23 error Tell the author that this fails on your system:
23 error     npm-run-all --parallel eslint test
23 error You can get information on how to open an issue for this project with:
23 error     npm bugs serverless-sample
23 error Or if that isn't available, you can get their info via:
23 error     npm owner ls serverless-sample
23 error There is likely additional logging output above.
24 verbose exit [ 1, true ]
